<?xml version="1.0" encoding="UTF-8"?><testsuite errors="0" failures="1" name="Search to product in mercadolibre" skipped="0" tests="1" time="5.81" timestamp="2019-04-12 08:57:02"><testcase name="Free product shipping nationwide"><failure message="Connection failed - &#10;Expected: is &lt;true&gt;&#10;     but: was &lt;false&gt;" type="java.lang.AssertionError">Connection failed - 
Expected: is &lt;true&gt;
     but: was &lt;false&gt;</failure><system-err>Connection failed - 
Expected: is &lt;true&gt;
     but: was &lt;false&gt;&#13;
co.com.mercadolibre.testing.stepdefinitions.EnvioProductoGratisMercadolibreStepDefinitions.actorabrenavegador(EnvioProductoGratisMercadolibreStepDefinitions.java:42)&#13;
cucumber.runner.UnskipableStep.executeStep(UnskipableStep.java:22)&#13;
cucumber.runner.Runner.runPickle(Runner.java:80)&#13;
</system-err></testcase></testsuite>